<?xml version="1.0" encoding="UTF-8"?>
<testng-results ignored="0" total="1" passed="1" failed="0" skipped="0">
  <reporter-output>
  </reporter-output>
  <suite started-at="2024-08-22T18:46:46 EDT" name="Surefire suite" finished-at="2024-08-22T18:46:46 EDT" duration-ms="51">
    <groups>
    </groups>
    <test started-at="2024-08-22T18:46:46 EDT" name="Surefire test" finished-at="2024-08-22T18:46:46 EDT" duration-ms="51">
      <class name="com.healthcare.AppTest">
        <test-method signature="testApp()" started-at="2024-08-22T18:46:46 EDT" name="testApp" finished-at="2024-08-22T18:46:46 EDT" duration-ms="17" status="PASS">
          <reporter-output>
          </reporter-output>
        </test-method> <!-- testApp -->
      </class> <!-- com.healthcare.AppTest -->
    </test> <!-- Surefire test -->
  </suite> <!-- Surefire suite -->
</testng-results>
